<?xml version="1.0" encoding="UTF-8"?>
<!-- Generated by org.testng.reporters.JUnitReportReporter -->
<testsuite skipped="1" hostname="DESKTOP-5N4OCH5" name="com.nse.test.NSEMainTest" tests="1" failures="0" timestamp="11 Jan 2020 21:33:23 GMT" time="0.000" errors="0">
  <testcase name="callValuesTest" time="0.000" classname="com.nse.test.NSEMainTest">
    <skipped/>
  </testcase> <!-- callValuesTest -->
</testsuite> <!-- com.nse.test.NSEMainTest -->
